<?xml version="1.0" encoding="UTF-8"?>
<testsuites name="test_demo_blaze" time="85.322" tests="3" failures="1" errors="0">
   <testsuite name="test_demo_blaze" tests="3" failures="1" errors="0" time="85.322" skipped="0" timestamp="2023-12-31 23:07:48" hostname="Dinda - LAPTOP-GEDE" id="Test Suites/Test suite/test_demo_blaze">
      <properties>
         <property name="deviceName" value=""/>
         <property name="devicePlatform" value=""/>
         <property name="logFolder" value="C:\\Users\\Dinda\\Katalon Studio\\Web Katalon Automation\\Reports\\20231231_230725\\Test suite\\test_demo_blaze\\20231231_230729"/>
         <property name="logFiles" value="C:\\Users\\Dinda\\Katalon Studio\\Web Katalon Automation\\Reports\\20231231_230725\\Test suite\\test_demo_blaze\\20231231_230729\\execution0.log"/>
         <property name="attachments" value="C:\\Users\\Dinda\\Katalon Studio\\Web Katalon Automation\\Reports\\20231231_230725\\Test suite\\test_demo_blaze\\20231231_230729\\1704038922457.png, C:\\Users\\Dinda\\Katalon Studio\\Web Katalon Automation\\Reports\\20231231_230725\\Test suite\\test_demo_blaze\\20231231_230729\\1704038931537.png, C:\\Users\\Dinda\\Katalon Studio\\Web Katalon Automation\\Reports\\20231231_230725\\Test suite\\test_demo_blaze\\20231231_230729\\1704038942510.png, C:\\Users\\Dinda\\Katalon Studio\\Web Katalon Automation\\Reports\\20231231_230725\\Test suite\\test_demo_blaze\\20231231_230729\\1704038953246.png"/>
         <property name="hostName" value="Dinda - LAPTOP-GEDE"/>
         <property name="os" value="Windows 10 64bit"/>
         <property name="katalonVersion" value="8.6.8.208"/>
         <property name="browser" value="Chrome 120.0.6099.130"/>
         <property name="hostAddress" value="192.168.56.1"/>
         <property name="sessionId" value="96147cc24c8d303d15ef270121faa618"/>
         <property name="seleniumVersion" value="3.141.59"/>
         <property name="proxyInformation" value="ProxyInformation { proxyOption=NO_PROXY, proxyServerType=HTTP, username=, password=********, proxyServerAddress=, proxyServerPort=0, executionList=&quot;&quot;, isApplyToDesiredCapabilities=true }"/>
         <property name="platform" value="Windows 10"/>
      </properties>
      <testcase name="Test Cases/sign_up/01_sign_up" time="24.635" classname="Test Cases/sign_up/01_sign_up" status="PASSED">
         <system-out><![CDATA[2023-12-31 23:07:50 - [TEST_CASE][PASSED] - Test Cases/sign_up/01_sign_up: Test Cases/sign_up/01_sign_up

2023-12-31 23:07:52 - [TEST_STEP][PASSED] - openBrowser(""): Browser is opened with url: ''

2023-12-31 23:07:54 - [MESSAGE][INFO] - Starting 'Chrome (headless)' driver

2023-12-31 23:07:54 - [MESSAGE][INFO] - Action delay is set to 0 milliseconds

2023-12-31 23:08:01 - [MESSAGE][PASSED] - Browser is opened with url: ''

2023-12-31 23:08:01 - [TEST_STEP][PASSED] - navigateToUrl("https://www.demoblaze.com/index.html"): Navigate to 'https://www.demoblaze.com/index.html' successfully

2023-12-31 23:08:07 - [MESSAGE][PASSED] - Navigate to 'https://www.demoblaze.com/index.html' successfully

2023-12-31 23:08:07 - [TEST_STEP][PASSED] - click(findTestObject("Object Repository/sign_up/sign_up_page/btn_signUp1")): Object: 'Object Repository/sign_up/sign_up_page/btn_signUp1' is clicked on

2023-12-31 23:08:08 - [MESSAGE][PASSED] - Object: 'Object Repository/sign_up/sign_up_page/btn_signUp1' is clicked on

2023-12-31 23:08:08 - [TEST_STEP][PASSED] - setText(findTestObject("Object Repository/sign_up/sign_up_page/field_username"), username): Text 'test' is set on object 'Object Repository/sign_up/sign_up_page/field_username'

2023-12-31 23:08:10 - [MESSAGE][PASSED] - Text 'test' is set on object 'Object Repository/sign_up/sign_up_page/field_username'

2023-12-31 23:08:10 - [TEST_STEP][PASSED] - setText(findTestObject("Object Repository/sign_up/sign_up_page/field_password"), password): Text 'qwerty123' is set on object 'Object Repository/sign_up/sign_up_page/field_password'

2023-12-31 23:08:11 - [MESSAGE][PASSED] - Text 'qwerty123' is set on object 'Object Repository/sign_up/sign_up_page/field_password'

2023-12-31 23:08:11 - [TEST_STEP][PASSED] - click(findTestObject("Object Repository/sign_up/sign_up_page/btn_SignUp2")): Object: 'Object Repository/sign_up/sign_up_page/btn_SignUp2' is clicked on

2023-12-31 23:08:12 - [MESSAGE][PASSED] - Object: 'Object Repository/sign_up/sign_up_page/btn_SignUp2' is clicked on

2023-12-31 23:08:12 - [TEST_STEP][PASSED] - waitForAlert(0): Alert is present after 30 second(s).

2023-12-31 23:08:12 - [MESSAGE][WARNING] - Timeout '0' is invalid. Using default page load timeout: '30'

2023-12-31 23:08:13 - [MESSAGE][PASSED] - Alert is present after 30 second(s).

2023-12-31 23:08:13 - [TEST_STEP][PASSED] - verifyAlertPresent(0): Alert is present after 30 second(s).

2023-12-31 23:08:13 - [MESSAGE][WARNING] - Timeout '0' is invalid. Using default page load timeout: '30'

2023-12-31 23:08:13 - [MESSAGE][PASSED] - Alert is present after 30 second(s).

2023-12-31 23:08:13 - [TEST_STEP][PASSED] - closeBrowser(): Browser is closed

2023-12-31 23:08:14 - [MESSAGE][PASSED] - Browser is closed]]></system-out>
         <system-err><![CDATA[]]></system-err>
      </testcase>
      <testcase name="Test Cases/sign_in/01_sign_in" time="10.782" classname="Test Cases/sign_in/01_sign_in" status="PASSED">
         <system-out><![CDATA[2023-12-31 23:08:14 - [TEST_CASE][PASSED] - Test Cases/sign_in/01_sign_in: Test Cases/sign_in/01_sign_in

2023-12-31 23:08:16 - [TEST_STEP][PASSED] - openBrowser(""): Browser is opened with url: ''

2023-12-31 23:08:16 - [MESSAGE][INFO] - Starting 'Chrome (headless)' driver

2023-12-31 23:08:16 - [MESSAGE][INFO] - Action delay is set to 0 milliseconds

2023-12-31 23:08:18 - [MESSAGE][PASSED] - Browser is opened with url: ''

2023-12-31 23:08:18 - [TEST_STEP][PASSED] - navigateToUrl("https://www.demoblaze.com/index.html#"): Navigate to 'https://www.demoblaze.com/index.html#' successfully

2023-12-31 23:08:20 - [MESSAGE][PASSED] - Navigate to 'https://www.demoblaze.com/index.html#' successfully

2023-12-31 23:08:20 - [TEST_STEP][PASSED] - click(findTestObject("Object Repository/sign_in/sign_in_page/btn_sign_in")): Object: 'Object Repository/sign_in/sign_in_page/btn_sign_in' is clicked on

2023-12-31 23:08:21 - [MESSAGE][PASSED] - Object: 'Object Repository/sign_in/sign_in_page/btn_sign_in' is clicked on

2023-12-31 23:08:21 - [TEST_STEP][PASSED] - setText(findTestObject("Object Repository/sign_in/sign_in_page/field_username"), username): Text 'test' is set on object 'Object Repository/sign_in/sign_in_page/field_username'

2023-12-31 23:08:22 - [MESSAGE][PASSED] - Text 'test' is set on object 'Object Repository/sign_in/sign_in_page/field_username'

2023-12-31 23:08:22 - [TEST_STEP][PASSED] - setText(findTestObject("Object Repository/sign_in/sign_in_page/field_password"), password): Text 'qwerty123' is set on object 'Object Repository/sign_in/sign_in_page/field_password'

2023-12-31 23:08:23 - [MESSAGE][PASSED] - Text 'qwerty123' is set on object 'Object Repository/sign_in/sign_in_page/field_password'

2023-12-31 23:08:23 - [TEST_STEP][PASSED] - click(findTestObject("Object Repository/sign_in/sign_in_page/button_submit_sign_in")): Object: 'Object Repository/sign_in/sign_in_page/button_submit_sign_in' is clicked on

2023-12-31 23:08:24 - [MESSAGE][PASSED] - Object: 'Object Repository/sign_in/sign_in_page/button_submit_sign_in' is clicked on

2023-12-31 23:08:24 - [TEST_STEP][PASSED] - waitForAlert(0): Alert is present after 30 second(s).

2023-12-31 23:08:24 - [MESSAGE][WARNING] - Timeout '0' is invalid. Using default page load timeout: '30'

2023-12-31 23:08:24 - [MESSAGE][PASSED] - Alert is present after 30 second(s).

2023-12-31 23:08:24 - [TEST_STEP][PASSED] - verifyAlertPresent(0): Alert is present after 30 second(s).

2023-12-31 23:08:24 - [MESSAGE][WARNING] - Timeout '0' is invalid. Using default page load timeout: '30'

2023-12-31 23:08:24 - [MESSAGE][PASSED] - Alert is present after 30 second(s).

2023-12-31 23:08:24 - [TEST_STEP][PASSED] - closeBrowser(): Browser is closed

2023-12-31 23:08:25 - [MESSAGE][PASSED] - Browser is closed]]></system-out>
         <system-err><![CDATA[]]></system-err>
      </testcase>
      <testcase name="Test Cases/Payment/purchase_item" time="10.673" classname="Test Cases/Payment/purchase_item" status="FAILED">
         <failure type="FAILED" message="Test Cases/Payment/purchase_item FAILED.
Reason:
com.kms.katalon.core.exception.StepFailedException: Unable to set text 'null' of object 'Object Repository/purchase_item/purchase_item_page/field_name'
	at com.kms.katalon.core.webui.keyword.internal.WebUIKeywordMain.stepFailed(WebUIKeywordMain.groovy:64)
	at com.kms.katalon.core.webui.keyword.internal.WebUIKeywordMain.runKeyword(WebUIKeywordMain.groovy:26)
	at com.kms.katalon.core.webui.keyword.builtin.SetTextKeyword.setText(SetTextKeyword.groovy:66)
	at com.kms.katalon.core.webui.keyword.builtin.SetTextKeyword.execute(SetTextKeyword.groovy:37)
	at com.kms.katalon.core.keyword.internal.KeywordExecutor.executeKeywordForPlatform(KeywordExecutor.groovy:74)
	at com.kms.katalon.core.webui.keyword.WebUiBuiltInKeywords.setText(WebUiBuiltInKeywords.groovy:980)
	at com.kms.katalon.core.webui.keyword.WebUiBuiltInKeywords$setText$2.call(Unknown Source)
	at purchase_item.run(purchase_item:28)
	at com.kms.katalon.core.main.ScriptEngine.run(ScriptEngine.java:194)
	at com.kms.katalon.core.main.ScriptEngine.runScriptAsRawText(ScriptEngine.java:119)
	at com.kms.katalon.core.main.TestCaseExecutor.runScript(TestCaseExecutor.java:448)
	at com.kms.katalon.core.main.TestCaseExecutor.doExecute(TestCaseExecutor.java:439)
	at com.kms.katalon.core.main.TestCaseExecutor.processExecutionPhase(TestCaseExecutor.java:418)
	at com.kms.katalon.core.main.TestCaseExecutor.accessMainPhase(TestCaseExecutor.java:410)
	at com.kms.katalon.core.main.TestCaseExecutor.execute(TestCaseExecutor.java:285)
	at com.kms.katalon.core.main.TestCaseExecutor.execute(TestCaseExecutor.java:369)
	at com.kms.katalon.core.main.TestCaseExecutor.execute(TestCaseExecutor.java:369)
	at com.kms.katalon.core.main.TestCaseExecutor.execute(TestCaseExecutor.java:369)
	at com.kms.katalon.core.common.CommonExecutor.accessTestCaseMainPhase(CommonExecutor.java:65)
	at com.kms.katalon.core.main.TestSuiteExecutor.accessTestSuiteMainPhase(TestSuiteExecutor.java:148)
	at com.kms.katalon.core.main.TestSuiteExecutor.execute(TestSuiteExecutor.java:106)
	at com.kms.katalon.core.main.TestCaseMain.startTestSuite(TestCaseMain.java:187)
	at com.kms.katalon.core.main.TestCaseMain$startTestSuite$0.call(Unknown Source)
	at TempTestSuite1704038849971.run(TempTestSuite1704038849971.groovy:36)
Caused by: java.lang.IllegalArgumentException: Text is null
	at com.kms.katalon.core.webui.keyword.builtin.SetTextKeyword$_setText_closure1.doCall(SetTextKeyword.groovy:48)
	at com.kms.katalon.core.webui.keyword.builtin.SetTextKeyword$_setText_closure1.call(SetTextKeyword.groovy)
	at com.kms.katalon.core.webui.keyword.internal.WebUIKeywordMain.runKeyword(WebUIKeywordMain.groovy:20)
	... 22 more
"/>
         <system-out><![CDATA[2023-12-31 23:09:02 - [TEST_CASE][FAILED] - Test Cases/Payment/purchase_item: Test Cases/Payment/purchase_item FAILED.
Reason:
com.kms.katalon.core.exception.StepFailedException: Unable to set text 'null' of object 'Object Repository/purchase_item/purchase_item_page/field_name'
	at com.kms.katalon.core.webui.keyword.internal.WebUIKeywordMain.stepFailed(WebUIKeywordMain.groovy:64)
	at com.kms.katalon.core.webui.keyword.internal.WebUIKeywordMain.runKeyword(WebUIKeywordMain.groovy:26)
	at com.kms.katalon.core.webui.keyword.builtin.SetTextKeyword.setText(SetTextKeyword.groovy:66)
	at com.kms.katalon.core.webui.keyword.builtin.SetTextKeyword.execute(SetTextKeyword.groovy:37)
	at com.kms.katalon.core.keyword.internal.KeywordExecutor.executeKeywordForPlatform(KeywordExecutor.groovy:74)
	at com.kms.katalon.core.webui.keyword.WebUiBuiltInKeywords.setText(WebUiBuiltInKeywords.groovy:980)
	at com.kms.katalon.core.webui.keyword.WebUiBuiltInKeywords$setText$2.call(Unknown Source)
	at purchase_item.run(purchase_item:28)
	at com.kms.katalon.core.main.ScriptEngine.run(ScriptEngine.java:194)
	at com.kms.katalon.core.main.ScriptEngine.runScriptAsRawText(ScriptEngine.java:119)
	at com.kms.katalon.core.main.TestCaseExecutor.runScript(TestCaseExecutor.java:448)
	at com.kms.katalon.core.main.TestCaseExecutor.doExecute(TestCaseExecutor.java:439)
	at com.kms.katalon.core.main.TestCaseExecutor.processExecutionPhase(TestCaseExecutor.java:418)
	at com.kms.katalon.core.main.TestCaseExecutor.accessMainPhase(TestCaseExecutor.java:410)
	at com.kms.katalon.core.main.TestCaseExecutor.execute(TestCaseExecutor.java:285)
	at com.kms.katalon.core.main.TestCaseExecutor.execute(TestCaseExecutor.java:369)
	at com.kms.katalon.core.main.TestCaseExecutor.execute(TestCaseExecutor.java:369)
	at com.kms.katalon.core.main.TestCaseExecutor.execute(TestCaseExecutor.java:369)
	at com.kms.katalon.core.common.CommonExecutor.accessTestCaseMainPhase(CommonExecutor.java:65)
	at com.kms.katalon.core.main.TestSuiteExecutor.accessTestSuiteMainPhase(TestSuiteExecutor.java:148)
	at com.kms.katalon.core.main.TestSuiteExecutor.execute(TestSuiteExecutor.java:106)
	at com.kms.katalon.core.main.TestCaseMain.startTestSuite(TestCaseMain.java:187)
	at com.kms.katalon.core.main.TestCaseMain$startTestSuite$0.call(Unknown Source)
	at TempTestSuite1704038849971.run(TempTestSuite1704038849971.groovy:36)
Caused by: java.lang.IllegalArgumentException: Text is null
	at com.kms.katalon.core.webui.keyword.builtin.SetTextKeyword$_setText_closure1.doCall(SetTextKeyword.groovy:48)
	at com.kms.katalon.core.webui.keyword.builtin.SetTextKeyword$_setText_closure1.call(SetTextKeyword.groovy)
	at com.kms.katalon.core.webui.keyword.internal.WebUIKeywordMain.runKeyword(WebUIKeywordMain.groovy:20)
	... 22 more


2023-12-31 23:09:03 - [TEST_STEP][PASSED] - openBrowser(""): Browser is opened with url: ''

2023-12-31 23:09:03 - [MESSAGE][WARNING] - A browser is already opened. Closing browser and opening a new one

2023-12-31 23:09:03 - [MESSAGE][INFO] - Starting 'Chrome (headless)' driver

2023-12-31 23:09:03 - [MESSAGE][INFO] - Action delay is set to 0 milliseconds

2023-12-31 23:09:05 - [MESSAGE][PASSED] - Browser is opened with url: ''

2023-12-31 23:09:05 - [TEST_STEP][PASSED] - navigateToUrl("https://www.demoblaze.com/index.html"): Navigate to 'https://www.demoblaze.com/index.html' successfully

2023-12-31 23:09:10 - [MESSAGE][PASSED] - Navigate to 'https://www.demoblaze.com/index.html' successfully

2023-12-31 23:09:10 - [TEST_STEP][PASSED] - click(findTestObject("Object Repository/purchase_item/purchase_item_page/btn_cart")): Object: 'Object Repository/purchase_item/purchase_item_page/btn_cart' is clicked on

2023-12-31 23:09:12 - [MESSAGE][PASSED] - Object: 'Object Repository/purchase_item/purchase_item_page/btn_cart' is clicked on

2023-12-31 23:09:12 - [TEST_STEP][PASSED] - click(findTestObject("Object Repository/purchase_item/purchase_item_page/btn_place_order")): Object: 'Object Repository/purchase_item/purchase_item_page/btn_place_order' is clicked on

2023-12-31 23:09:12 - [MESSAGE][PASSED] - Object: 'Object Repository/purchase_item/purchase_item_page/btn_place_order' is clicked on

2023-12-31 23:09:12 - [TEST_STEP][FAILED] - setText(findTestObject("Object Repository/purchase_item/purchase_item_page/field_name"), name): Unable to set text 'null' of object 'Object Repository/purchase_item/purchase_item_page/field_name' (Root cause: com.kms.katalon.core.exception.StepFailedException: Unable to set text 'null' of object 'Object Repository/purchase_item/purchase_item_page/field_name'
	at com.kms.katalon.core.webui.keyword.internal.WebUIKeywordMain.stepFailed(WebUIKeywordMain.groovy:64)
	at com.kms.katalon.core.webui.keyword.internal.WebUIKeywordMain.runKeyword(WebUIKeywordMain.groovy:26)
	at com.kms.katalon.core.webui.keyword.builtin.SetTextKeyword.setText(SetTextKeyword.groovy:66)
	at com.kms.katalon.core.webui.keyword.builtin.SetTextKeyword.execute(SetTextKeyword.groovy:37)
	at com.kms.katalon.core.keyword.internal.KeywordExecutor.executeKeywordForPlatform(KeywordExecutor.groovy:74)
	at com.kms.katalon.core.webui.keyword.WebUiBuiltInKeywords.setText(WebUiBuiltInKeywords.groovy:980)
	at com.kms.katalon.core.webui.keyword.WebUiBuiltInKeywords$setText$2.call(Unknown Source)
	at purchase_item.run(purchase_item:28)
	at com.kms.katalon.core.main.ScriptEngine.run(ScriptEngine.java:194)
	at com.kms.katalon.core.main.ScriptEngine.runScriptAsRawText(ScriptEngine.java:119)
	at com.kms.katalon.core.main.TestCaseExecutor.runScript(TestCaseExecutor.java:448)
	at com.kms.katalon.core.main.TestCaseExecutor.doExecute(TestCaseExecutor.java:439)
	at com.kms.katalon.core.main.TestCaseExecutor.processExecutionPhase(TestCaseExecutor.java:418)
	at com.kms.katalon.core.main.TestCaseExecutor.accessMainPhase(TestCaseExecutor.java:410)
	at com.kms.katalon.core.main.TestCaseExecutor.execute(TestCaseExecutor.java:285)
	at com.kms.katalon.core.main.TestCaseExecutor.execute(TestCaseExecutor.java:369)
	at com.kms.katalon.core.main.TestCaseExecutor.execute(TestCaseExecutor.java:369)
	at com.kms.katalon.core.main.TestCaseExecutor.execute(TestCaseExecutor.java:369)
	at com.kms.katalon.core.common.CommonExecutor.accessTestCaseMainPhase(CommonExecutor.java:65)
	at com.kms.katalon.core.main.TestSuiteExecutor.accessTestSuiteMainPhase(TestSuiteExecutor.java:148)
	at com.kms.katalon.core.main.TestSuiteExecutor.execute(TestSuiteExecutor.java:106)
	at com.kms.katalon.core.main.TestCaseMain.startTestSuite(TestCaseMain.java:187)
	at com.kms.katalon.core.main.TestCaseMain$startTestSuite$0.call(Unknown Source)
	at TempTestSuite1704038849971.run(TempTestSuite1704038849971.groovy:36)
Caused by: java.lang.IllegalArgumentException: Text is null
	at com.kms.katalon.core.webui.keyword.builtin.SetTextKeyword$_setText_closure1.doCall(SetTextKeyword.groovy:48)
	at com.kms.katalon.core.webui.keyword.builtin.SetTextKeyword$_setText_closure1.call(SetTextKeyword.groovy)
	at com.kms.katalon.core.webui.keyword.internal.WebUIKeywordMain.runKeyword(WebUIKeywordMain.groovy:20)
	at com.kms.katalon.core.webui.keyword.builtin.SetTextKeyword.setText(SetTextKeyword.groovy:66)
	at com.kms.katalon.core.webui.keyword.builtin.SetTextKeyword.execute(SetTextKeyword.groovy:37)
	at com.kms.katalon.core.keyword.internal.KeywordExecutor.executeKeywordForPlatform(KeywordExecutor.groovy:74)
	at com.kms.katalon.core.webui.keyword.WebUiBuiltInKeywords.setText(WebUiBuiltInKeywords.groovy:980)
	at com.kms.katalon.core.webui.keyword.WebUiBuiltInKeywords$setText$2.call(Unknown Source)
	at Script1704037639032.run(Script1704037639032.groovy:28)
	... 16 more
)

2023-12-31 23:09:13 - [MESSAGE][FAILED] - Unable to set text 'null' of object 'Object Repository/purchase_item/purchase_item_page/field_name' (Root cause: com.kms.katalon.core.exception.StepFailedException: Unable to set text 'null' of object 'Object Repository/purchase_item/purchase_item_page/field_name'
	at com.kms.katalon.core.webui.keyword.internal.WebUIKeywordMain.stepFailed(WebUIKeywordMain.groovy:64)
	at com.kms.katalon.core.webui.keyword.internal.WebUIKeywordMain.runKeyword(WebUIKeywordMain.groovy:26)
	at com.kms.katalon.core.webui.keyword.builtin.SetTextKeyword.setText(SetTextKeyword.groovy:66)
	at com.kms.katalon.core.webui.keyword.builtin.SetTextKeyword.execute(SetTextKeyword.groovy:37)
	at com.kms.katalon.core.keyword.internal.KeywordExecutor.executeKeywordForPlatform(KeywordExecutor.groovy:74)
	at com.kms.katalon.core.webui.keyword.WebUiBuiltInKeywords.setText(WebUiBuiltInKeywords.groovy:980)
	at com.kms.katalon.core.webui.keyword.WebUiBuiltInKeywords$setText$2.call(Unknown Source)
	at purchase_item.run(purchase_item:28)
	at com.kms.katalon.core.main.ScriptEngine.run(ScriptEngine.java:194)
	at com.kms.katalon.core.main.ScriptEngine.runScriptAsRawText(ScriptEngine.java:119)
	at com.kms.katalon.core.main.TestCaseExecutor.runScript(TestCaseExecutor.java:448)
	at com.kms.katalon.core.main.TestCaseExecutor.doExecute(TestCaseExecutor.java:439)
	at com.kms.katalon.core.main.TestCaseExecutor.processExecutionPhase(TestCaseExecutor.java:418)
	at com.kms.katalon.core.main.TestCaseExecutor.accessMainPhase(TestCaseExecutor.java:410)
	at com.kms.katalon.core.main.TestCaseExecutor.execute(TestCaseExecutor.java:285)
	at com.kms.katalon.core.main.TestCaseExecutor.execute(TestCaseExecutor.java:369)
	at com.kms.katalon.core.main.TestCaseExecutor.execute(TestCaseExecutor.java:369)
	at com.kms.katalon.core.main.TestCaseExecutor.execute(TestCaseExecutor.java:369)
	at com.kms.katalon.core.common.CommonExecutor.accessTestCaseMainPhase(CommonExecutor.java:65)
	at com.kms.katalon.core.main.TestSuiteExecutor.accessTestSuiteMainPhase(TestSuiteExecutor.java:148)
	at com.kms.katalon.core.main.TestSuiteExecutor.execute(TestSuiteExecutor.java:106)
	at com.kms.katalon.core.main.TestCaseMain.startTestSuite(TestCaseMain.java:187)
	at com.kms.katalon.core.main.TestCaseMain$startTestSuite$0.call(Unknown Source)
	at TempTestSuite1704038849971.run(TempTestSuite1704038849971.groovy:36)
Caused by: java.lang.IllegalArgumentException: Text is null
	at com.kms.katalon.core.webui.keyword.builtin.SetTextKeyword$_setText_closure1.doCall(SetTextKeyword.groovy:48)
	at com.kms.katalon.core.webui.keyword.builtin.SetTextKeyword$_setText_closure1.call(SetTextKeyword.groovy)
	at com.kms.katalon.core.webui.keyword.internal.WebUIKeywordMain.runKeyword(WebUIKeywordMain.groovy:20)
	at com.kms.katalon.core.webui.keyword.builtin.SetTextKeyword.setText(SetTextKeyword.groovy:66)
	at com.kms.katalon.core.webui.keyword.builtin.SetTextKeyword.execute(SetTextKeyword.groovy:37)
	at com.kms.katalon.core.keyword.internal.KeywordExecutor.executeKeywordForPlatform(KeywordExecutor.groovy:74)
	at com.kms.katalon.core.webui.keyword.WebUiBuiltInKeywords.setText(WebUiBuiltInKeywords.groovy:980)
	at com.kms.katalon.core.webui.keyword.WebUiBuiltInKeywords$setText$2.call(Unknown Source)
	at Script1704037639032.run(Script1704037639032.groovy:28)
	... 16 more
)
[[ATTACHMENT|C:\\Users\\Dinda\\Katalon Studio\\Web Katalon Automation\\Reports\\20231231_230725\\Test suite\\test_demo_blaze\\20231231_230729\\1704038953246.png]]]]></system-out>
         <system-err><![CDATA[2023-12-31 23:09:02 - [TEST_CASE][FAILED] - Test Cases/Payment/purchase_item: Test Cases/Payment/purchase_item FAILED.
Reason:
com.kms.katalon.core.exception.StepFailedException: Unable to set text 'null' of object 'Object Repository/purchase_item/purchase_item_page/field_name'
	at com.kms.katalon.core.webui.keyword.internal.WebUIKeywordMain.stepFailed(WebUIKeywordMain.groovy:64)
	at com.kms.katalon.core.webui.keyword.internal.WebUIKeywordMain.runKeyword(WebUIKeywordMain.groovy:26)
	at com.kms.katalon.core.webui.keyword.builtin.SetTextKeyword.setText(SetTextKeyword.groovy:66)
	at com.kms.katalon.core.webui.keyword.builtin.SetTextKeyword.execute(SetTextKeyword.groovy:37)
	at com.kms.katalon.core.keyword.internal.KeywordExecutor.executeKeywordForPlatform(KeywordExecutor.groovy:74)
	at com.kms.katalon.core.webui.keyword.WebUiBuiltInKeywords.setText(WebUiBuiltInKeywords.groovy:980)
	at com.kms.katalon.core.webui.keyword.WebUiBuiltInKeywords$setText$2.call(Unknown Source)
	at purchase_item.run(purchase_item:28)
	at com.kms.katalon.core.main.ScriptEngine.run(ScriptEngine.java:194)
	at com.kms.katalon.core.main.ScriptEngine.runScriptAsRawText(ScriptEngine.java:119)
	at com.kms.katalon.core.main.TestCaseExecutor.runScript(TestCaseExecutor.java:448)
	at com.kms.katalon.core.main.TestCaseExecutor.doExecute(TestCaseExecutor.java:439)
	at com.kms.katalon.core.main.TestCaseExecutor.processExecutionPhase(TestCaseExecutor.java:418)
	at com.kms.katalon.core.main.TestCaseExecutor.accessMainPhase(TestCaseExecutor.java:410)
	at com.kms.katalon.core.main.TestCaseExecutor.execute(TestCaseExecutor.java:285)
	at com.kms.katalon.core.main.TestCaseExecutor.execute(TestCaseExecutor.java:369)
	at com.kms.katalon.core.main.TestCaseExecutor.execute(TestCaseExecutor.java:369)
	at com.kms.katalon.core.main.TestCaseExecutor.execute(TestCaseExecutor.java:369)
	at com.kms.katalon.core.common.CommonExecutor.accessTestCaseMainPhase(CommonExecutor.java:65)
	at com.kms.katalon.core.main.TestSuiteExecutor.accessTestSuiteMainPhase(TestSuiteExecutor.java:148)
	at com.kms.katalon.core.main.TestSuiteExecutor.execute(TestSuiteExecutor.java:106)
	at com.kms.katalon.core.main.TestCaseMain.startTestSuite(TestCaseMain.java:187)
	at com.kms.katalon.core.main.TestCaseMain$startTestSuite$0.call(Unknown Source)
	at TempTestSuite1704038849971.run(TempTestSuite1704038849971.groovy:36)
Caused by: java.lang.IllegalArgumentException: Text is null
	at com.kms.katalon.core.webui.keyword.builtin.SetTextKeyword$_setText_closure1.doCall(SetTextKeyword.groovy:48)
	at com.kms.katalon.core.webui.keyword.builtin.SetTextKeyword$_setText_closure1.call(SetTextKeyword.groovy)
	at com.kms.katalon.core.webui.keyword.internal.WebUIKeywordMain.runKeyword(WebUIKeywordMain.groovy:20)
	... 22 more]]></system-err>
      </testcase>
      <system-out><![CDATA[2023-12-31 23:07:48 - [TEST_SUITE][FAILED] - test_demo_blaze: Test Cases/Payment/purchase_item FAILED.
Reason:
com.kms.katalon.core.exception.StepFailedException: Unable to set text 'null' of object 'Object Repository/purchase_item/purchase_item_page/field_name'
	at com.kms.katalon.core.webui.keyword.internal.WebUIKeywordMain.stepFailed(WebUIKeywordMain.groovy:64)
	at com.kms.katalon.core.webui.keyword.internal.WebUIKeywordMain.runKeyword(WebUIKeywordMain.groovy:26)
	at com.kms.katalon.core.webui.keyword.builtin.SetTextKeyword.setText(SetTextKeyword.groovy:66)
	at com.kms.katalon.core.webui.keyword.builtin.SetTextKeyword.execute(SetTextKeyword.groovy:37)
	at com.kms.katalon.core.keyword.internal.KeywordExecutor.executeKeywordForPlatform(KeywordExecutor.groovy:74)
	at com.kms.katalon.core.webui.keyword.WebUiBuiltInKeywords.setText(WebUiBuiltInKeywords.groovy:980)
	at com.kms.katalon.core.webui.keyword.WebUiBuiltInKeywords$setText$2.call(Unknown Source)
	at purchase_item.run(purchase_item:28)
	at com.kms.katalon.core.main.ScriptEngine.run(ScriptEngine.java:194)
	at com.kms.katalon.core.main.ScriptEngine.runScriptAsRawText(ScriptEngine.java:119)
	at com.kms.katalon.core.main.TestCaseExecutor.runScript(TestCaseExecutor.java:448)
	at com.kms.katalon.core.main.TestCaseExecutor.doExecute(TestCaseExecutor.java:439)
	at com.kms.katalon.core.main.TestCaseExecutor.processExecutionPhase(TestCaseExecutor.java:418)
	at com.kms.katalon.core.main.TestCaseExecutor.accessMainPhase(TestCaseExecutor.java:410)
	at com.kms.katalon.core.main.TestCaseExecutor.execute(TestCaseExecutor.java:285)
	at com.kms.katalon.core.common.CommonExecutor.accessTestCaseMainPhase(CommonExecutor.java:65)
	at com.kms.katalon.core.main.TestSuiteExecutor.accessTestSuiteMainPhase(TestSuiteExecutor.java:148)
	at com.kms.katalon.core.main.TestSuiteExecutor.execute(TestSuiteExecutor.java:106)
	at com.kms.katalon.core.main.TestCaseMain.startTestSuite(TestCaseMain.java:187)
	at com.kms.katalon.core.main.TestCaseMain$startTestSuite$0.call(Unknown Source)
	at TempTestSuite1704038849971.run(TempTestSuite1704038849971.groovy:36)
Caused by: java.lang.IllegalArgumentException: Text is null
	at com.kms.katalon.core.webui.keyword.builtin.SetTextKeyword$_setText_closure1.doCall(SetTextKeyword.groovy:48)
	at com.kms.katalon.core.webui.keyword.builtin.SetTextKeyword$_setText_closure1.call(SetTextKeyword.groovy)
	at com.kms.katalon.core.webui.keyword.internal.WebUIKeywordMain.runKeyword(WebUIKeywordMain.groovy:20)
	... 19 more]]></system-out>
      <system-err><![CDATA[2023-12-31 23:07:48 - [TEST_SUITE][FAILED] - test_demo_blaze: Test Cases/Payment/purchase_item FAILED.
Reason:
com.kms.katalon.core.exception.StepFailedException: Unable to set text 'null' of object 'Object Repository/purchase_item/purchase_item_page/field_name'
	at com.kms.katalon.core.webui.keyword.internal.WebUIKeywordMain.stepFailed(WebUIKeywordMain.groovy:64)
	at com.kms.katalon.core.webui.keyword.internal.WebUIKeywordMain.runKeyword(WebUIKeywordMain.groovy:26)
	at com.kms.katalon.core.webui.keyword.builtin.SetTextKeyword.setText(SetTextKeyword.groovy:66)
	at com.kms.katalon.core.webui.keyword.builtin.SetTextKeyword.execute(SetTextKeyword.groovy:37)
	at com.kms.katalon.core.keyword.internal.KeywordExecutor.executeKeywordForPlatform(KeywordExecutor.groovy:74)
	at com.kms.katalon.core.webui.keyword.WebUiBuiltInKeywords.setText(WebUiBuiltInKeywords.groovy:980)
	at com.kms.katalon.core.webui.keyword.WebUiBuiltInKeywords$setText$2.call(Unknown Source)
	at purchase_item.run(purchase_item:28)
	at com.kms.katalon.core.main.ScriptEngine.run(ScriptEngine.java:194)
	at com.kms.katalon.core.main.ScriptEngine.runScriptAsRawText(ScriptEngine.java:119)
	at com.kms.katalon.core.main.TestCaseExecutor.runScript(TestCaseExecutor.java:448)
	at com.kms.katalon.core.main.TestCaseExecutor.doExecute(TestCaseExecutor.java:439)
	at com.kms.katalon.core.main.TestCaseExecutor.processExecutionPhase(TestCaseExecutor.java:418)
	at com.kms.katalon.core.main.TestCaseExecutor.accessMainPhase(TestCaseExecutor.java:410)
	at com.kms.katalon.core.main.TestCaseExecutor.execute(TestCaseExecutor.java:285)
	at com.kms.katalon.core.common.CommonExecutor.accessTestCaseMainPhase(CommonExecutor.java:65)
	at com.kms.katalon.core.main.TestSuiteExecutor.accessTestSuiteMainPhase(TestSuiteExecutor.java:148)
	at com.kms.katalon.core.main.TestSuiteExecutor.execute(TestSuiteExecutor.java:106)
	at com.kms.katalon.core.main.TestCaseMain.startTestSuite(TestCaseMain.java:187)
	at com.kms.katalon.core.main.TestCaseMain$startTestSuite$0.call(Unknown Source)
	at TempTestSuite1704038849971.run(TempTestSuite1704038849971.groovy:36)
Caused by: java.lang.IllegalArgumentException: Text is null
	at com.kms.katalon.core.webui.keyword.builtin.SetTextKeyword$_setText_closure1.doCall(SetTextKeyword.groovy:48)
	at com.kms.katalon.core.webui.keyword.builtin.SetTextKeyword$_setText_closure1.call(SetTextKeyword.groovy)
	at com.kms.katalon.core.webui.keyword.internal.WebUIKeywordMain.runKeyword(WebUIKeywordMain.groovy:20)
	... 19 more]]></system-err>
   </testsuite>
</testsuites>
